<?xml version="1.0" encoding="utf-8"?>
<RelativeLayout xmlns:android="http://schemas.android.com/apk/res/android"
    android:layout_width="fill_parent"
    android:layout_height="fill_parent"
    android:orientation="vertical" >

    <TextView
        android:id="@+id/test_result"
        android:layout_width="fill_parent"
        android:layout_height="wrap_content"
        android:layout_marginTop="@dimen/dimen_5_dip"
        android:singleLine="true"
        android:text="统计：您共做对5次，做错4次，答对率55%"
        android:textColor="#ff0769cb"
        android:textSize="@dimen/dimen_14_dip" />

</RelativeLayout>